0 info it worked if it ends with ok
1 verbose cli [ '/usr/local/bin/node', '/usr/local/bin/npm', 'run', 'dmg' ]
2 info using npm@2.15.9
3 info using node@v4.6.0
4 verbose run-script [ 'predmg', 'dmg', 'postdmg' ]
5 info predmg localhost-converter@0.1.0
6 info dmg localhost-converter@0.1.0
7 verbose unsafe-perm in lifecycle true
8 info localhost-converter@0.1.0 Failed to exec dmg script
9 verbose stack Error: localhost-converter@0.1.0 dmg: `electron-installer-dmg ./build/LocalhostConverter-darwin-x64/*.app LocalhostConverter --overwrite --out=release`
9 verbose stack Exit status 1
9 verbose stack     at EventEmitter.<anonymous> (/usr/local/lib/node_modules/npm/lib/utils/lifecycle.js:217:16)
9 verbose stack     at emitTwo (events.js:87:13)
9 verbose stack     at EventEmitter.emit (events.js:172:7)
9 verbose stack     at ChildProcess.<anonymous> (/usr/local/lib/node_modules/npm/lib/utils/spawn.js:24:14)
9 verbose stack     at emitTwo (events.js:87:13)
9 verbose stack     at ChildProcess.emit (events.js:172:7)
9 verbose stack     at maybeClose (internal/child_process.js:829:16)
9 verbose stack     at Process.ChildProcess._handle.onexit (internal/child_process.js:211:5)
10 verbose pkgid localhost-converter@0.1.0
11 verbose cwd /Users/tobiasgerhardsson/Documents/localhost-converter
12 error Darwin 16.0.0
13 error argv "/usr/local/bin/node" "/usr/local/bin/npm" "run" "dmg"
14 error node v4.6.0
15 error npm  v2.15.9
16 error code ELIFECYCLE
17 error localhost-converter@0.1.0 dmg: `electron-installer-dmg ./build/LocalhostConverter-darwin-x64/*.app LocalhostConverter --overwrite --out=release`
17 error Exit status 1
18 error Failed at the localhost-converter@0.1.0 dmg script 'electron-installer-dmg ./build/LocalhostConverter-darwin-x64/*.app LocalhostConverter --overwrite --out=release'.
18 error This is most likely a problem with the localhost-converter package,
18 error not with npm itself.
18 error Tell the author that this fails on your system:
18 error     electron-installer-dmg ./build/LocalhostConverter-darwin-x64/*.app LocalhostConverter --overwrite --out=release
18 error You can get information on how to open an issue for this project with:
18 error     npm bugs localhost-converter
18 error Or if that isn't available, you can get their info via:
18 error
18 error     npm owner ls localhost-converter
18 error There is likely additional logging output above.
19 verbose exit [ 1, true ]
